Arguments: 
  C:\Program Files\nodejs\node.exe C:\Users\berny\AppData\Roaming\npm\node_modules\yarn\bin\yarn.js install

PATH: 
  C:\Users\berny\AppData\Local\Temp\yarn--1687664344670-0.2516219640974473;C:\Users\berny\AppData\Local\Yarn\Data\global\node_modules\.bin;C:\Users\berny\AppData\Local\Yarn\Data\link\node_modules\.bin;C:\Users\berny\AppData\Local\Yarn\bin;C:\Program Files\libexec\lib\node_modules\npm\bin\node-gyp-bin;C:\Program Files\lib\node_modules\npm\bin\node-gyp-bin;C:\Program Files\nodejs\node_modules\npm\bin\node-gyp-bin;C:\Program Files\Common Files\Oracle\Java\javapath;C:\WINDOWS\system32;C:\WINDOWS;C:\WINDOWS\System32\Wbem;C:\WINDOWS\System32\WindowsPowerShell\v1.0\;C:\WINDOWS\System32\OpenSSH\;C:\Program Files\dotnet\;C:\Program Files\nodejs\;C:\Program Files\Git\cmd;C:\Users\berny\AppData\Local\Programs\Python\Python310\Scripts\;C:\Users\berny\AppData\Local\Programs\Python\Python310\;C:\Users\berny\AppData\Local\Microsoft\WindowsApps;C:\src\flutter\flutter\bin;C:\Users\berny\.dotnet\tools;C:\Users\berny\AppData\Roaming\npm;C:\Users\berny\AppData\Local\Android\Sdk\platform-tools;C:\Users\berny\AppData\Local\Programs\Microsoft VS Code\bin

Yarn version: 
  1.22.19

Node version: 
  16.17.0

Platform: 
  win32 x64

Trace: 
  Error: connect ETIMEDOUT 104.16.25.35:443
      at TCPConnectWrap.afterConnect [as oncomplete] (node:net:1247:16)

npm manifest: 
  {
    "name": "profile",
    "version": "1.0.0",
    "main": "node_modules/expo/AppEntry.js",
    "scripts": {
      "start": "expo start",
      "android": "expo start --android",
      "ios": "expo start --ios",
      "web": "expo start --web"
    },
    "dependencies": {
      "expo": "~48.0.18",
      "expo-status-bar": "~1.4.4",
      "react": "18.2.0",
      "react-native": "0.71.8"
    },
    "devDependencies": {
      "@babel/core": "^7.20.0"
    },
    "private": true
  }

yarn manifest: 
  No manifest

Lockfile: 
  No lockfile
